<?xml version="1.0" encoding="UTF-8"?>
<testng-results ignored="4" total="7" passed="1" failed="2" skipped="0">
  <reporter-output>
  </reporter-output>
  <suite started-at="2023-10-24T12:31:04 CST" name="Suite" finished-at="2023-10-24T12:31:29 CST" duration-ms="25741">
    <groups>
    </groups>
    <test started-at="2023-10-24T12:31:04 CST" name="Test" finished-at="2023-10-24T12:31:29 CST" duration-ms="25741">
      <class name="collabera.LaunchApplication">
        <test-method is-config="true" signature="startServerwithApp()[pri:0, instance:collabera.LaunchApplication@618b19ad]" started-at="2023-10-24T12:31:04 CST" name="startServerwithApp" finished-at="2023-10-24T12:31:18 CST" duration-ms="14558" status="PASS">
          <reporter-output>
          </reporter-output>
        </test-method> <!-- startServerwithApp -->
        <test-method is-config="true" signature="configReports()[pri:0, instance:collabera.LaunchApplication@618b19ad]" started-at="2023-10-24T12:31:18 CST" name="configReports" finished-at="2023-10-24T12:31:18 CST" duration-ms="226" status="PASS">
          <reporter-output>
          </reporter-output>
        </test-method> <!-- configReports -->
        <test-method signature="launchApp()[pri:0, instance:collabera.LaunchApplication@618b19ad]" started-at="2023-10-24T12:31:18 CST" name="launchApp" finished-at="2023-10-24T12:31:29 CST" duration-ms="10131" status="PASS">
          <reporter-output>
          </reporter-output>
        </test-method> <!-- launchApp -->
        <test-method is-config="true" signature="closeReport()[pri:0, instance:collabera.LaunchApplication@618b19ad]" started-at="2023-10-24T12:31:29 CST" name="closeReport" finished-at="2023-10-24T12:31:29 CST" duration-ms="248" status="PASS">
          <reporter-output>
          </reporter-output>
        </test-method> <!-- closeReport -->
        <test-method is-config="true" signature="tearDown()[pri:0, instance:collabera.LaunchApplication@618b19ad]" started-at="2023-10-24T12:31:29 CST" name="tearDown" finished-at="2023-10-24T12:31:29 CST" duration-ms="421" status="PASS">
          <reporter-output>
          </reporter-output>
        </test-method> <!-- tearDown -->
      </class> <!-- collabera.LaunchApplication -->
      <class name="collabera.LongPressGesture">
        <test-method is-config="true" signature="configReports()[pri:0, instance:collabera.LongPressGesture@13c9d689]" started-at="2023-10-24T12:31:29 CST" name="configReports" finished-at="2023-10-24T12:31:29 CST" duration-ms="1" status="PASS">
          <reporter-output>
          </reporter-output>
        </test-method> <!-- configReports -->
        <test-method signature="longPress()[pri:0, instance:collabera.LongPressGesture@13c9d689]" started-at="2023-10-24T12:31:29 CST" name="longPress" finished-at="2023-10-24T12:31:29 CST" duration-ms="2" status="FAIL">
          <exception class="java.lang.NullPointerException">
            <message>
              <![CDATA[Cannot read field "Views" because "this.formPage" is null]]>
            </message>
            <full-stacktrace>
              <![CDATA[java.lang.NullPointerException: Cannot read field "Views" because "this.formPage" is null
at collabera.LongPressGesture.longPress(LongPressGesture.java:11)
at java.base/jdk.internal.reflect.DirectMethodHandleAccessor.invoke(DirectMethodHandleAccessor.java:103)
at java.base/java.lang.reflect.Method.invoke(Method.java:580)
at org.testng.internal.invokers.MethodInvocationHelper.invokeMethod(MethodInvocationHelper.java:139)
at org.testng.internal.invokers.TestInvoker.invokeMethod(TestInvoker.java:677)
at org.testng.internal.invokers.TestInvoker.invokeTestMethod(TestInvoker.java:221)
at org.testng.internal.invokers.MethodRunner.runInSequence(MethodRunner.java:50)
at org.testng.internal.invokers.TestInvoker$MethodInvocationAgent.invoke(TestInvoker.java:962)
at org.testng.internal.invokers.TestInvoker.invokeTestMethods(TestInvoker.java:194)
at org.testng.internal.invokers.TestMethodWorker.invokeTestMethods(TestMethodWorker.java:148)
at org.testng.internal.invokers.TestMethodWorker.run(TestMethodWorker.java:128)
at java.base/java.util.ArrayList.forEach(ArrayList.java:1596)
at org.testng.TestRunner.privateRun(TestRunner.java:806)
at org.testng.TestRunner.run(TestRunner.java:601)
at org.testng.SuiteRunner.runTest(SuiteRunner.java:433)
at org.testng.SuiteRunner.runSequentially(SuiteRunner.java:427)
at org.testng.SuiteRunner.privateRun(SuiteRunner.java:387)
at org.testng.SuiteRunner.run(SuiteRunner.java:330)
at org.testng.SuiteRunnerWorker.runSuite(SuiteRunnerWorker.java:52)
at org.testng.SuiteRunnerWorker.run(SuiteRunnerWorker.java:95)
at org.testng.TestNG.runSuitesSequentially(TestNG.java:1256)
at org.testng.TestNG.runSuitesLocally(TestNG.java:1176)
at org.testng.TestNG.runSuites(TestNG.java:1099)
at org.testng.TestNG.run(TestNG.java:1067)
at org.testng.remote.AbstractRemoteTestNG.run(AbstractRemoteTestNG.java:115)
at org.testng.remote.RemoteTestNG.initAndRun(RemoteTestNG.java:251)
at org.testng.remote.RemoteTestNG.main(RemoteTestNG.java:77)
]]>
            </full-stacktrace>
          </exception> <!-- java.lang.NullPointerException -->
          <reporter-output>
          </reporter-output>
        </test-method> <!-- longPress -->
        <test-method is-config="true" signature="closeReport()[pri:0, instance:collabera.LongPressGesture@13c9d689]" started-at="2023-10-24T12:31:29 CST" name="closeReport" finished-at="2023-10-24T12:31:29 CST" duration-ms="58" status="PASS">
          <reporter-output>
          </reporter-output>
        </test-method> <!-- closeReport -->
      </class> <!-- collabera.LongPressGesture -->
      <class name="collabera.SwipeGestureClass">
        <test-method is-config="true" signature="configReports()[pri:0, instance:collabera.SwipeGestureClass@3754a4bf]" started-at="2023-10-24T12:31:29 CST" name="configReports" finished-at="2023-10-24T12:31:29 CST" duration-ms="1" status="PASS">
          <reporter-output>
          </reporter-output>
        </test-method> <!-- configReports -->
        <test-method signature="swipe()[pri:0, instance:collabera.SwipeGestureClass@3754a4bf]" started-at="2023-10-24T12:31:29 CST" name="swipe" finished-at="2023-10-24T12:31:29 CST" duration-ms="2" status="FAIL">
          <exception class="java.lang.NullPointerException">
            <message>
              <![CDATA[Cannot read field "Views" because "this.formPage" is null]]>
            </message>
            <full-stacktrace>
              <![CDATA[java.lang.NullPointerException: Cannot read field "Views" because "this.formPage" is null
at collabera.SwipeGestureClass.swipe(SwipeGestureClass.java:13)
at java.base/jdk.internal.reflect.DirectMethodHandleAccessor.invoke(DirectMethodHandleAccessor.java:103)
at java.base/java.lang.reflect.Method.invoke(Method.java:580)
at org.testng.internal.invokers.MethodInvocationHelper.invokeMethod(MethodInvocationHelper.java:139)
at org.testng.internal.invokers.TestInvoker.invokeMethod(TestInvoker.java:677)
at org.testng.internal.invokers.TestInvoker.invokeTestMethod(TestInvoker.java:221)
at org.testng.internal.invokers.MethodRunner.runInSequence(MethodRunner.java:50)
at org.testng.internal.invokers.TestInvoker$MethodInvocationAgent.invoke(TestInvoker.java:962)
at org.testng.internal.invokers.TestInvoker.invokeTestMethods(TestInvoker.java:194)
at org.testng.internal.invokers.TestMethodWorker.invokeTestMethods(TestMethodWorker.java:148)
at org.testng.internal.invokers.TestMethodWorker.run(TestMethodWorker.java:128)
at java.base/java.util.ArrayList.forEach(ArrayList.java:1596)
at org.testng.TestRunner.privateRun(TestRunner.java:806)
at org.testng.TestRunner.run(TestRunner.java:601)
at org.testng.SuiteRunner.runTest(SuiteRunner.java:433)
at org.testng.SuiteRunner.runSequentially(SuiteRunner.java:427)
at org.testng.SuiteRunner.privateRun(SuiteRunner.java:387)
at org.testng.SuiteRunner.run(SuiteRunner.java:330)
at org.testng.SuiteRunnerWorker.runSuite(SuiteRunnerWorker.java:52)
at org.testng.SuiteRunnerWorker.run(SuiteRunnerWorker.java:95)
at org.testng.TestNG.runSuitesSequentially(TestNG.java:1256)
at org.testng.TestNG.runSuitesLocally(TestNG.java:1176)
at org.testng.TestNG.runSuites(TestNG.java:1099)
at org.testng.TestNG.run(TestNG.java:1067)
at org.testng.remote.AbstractRemoteTestNG.run(AbstractRemoteTestNG.java:115)
at org.testng.remote.RemoteTestNG.initAndRun(RemoteTestNG.java:251)
at org.testng.remote.RemoteTestNG.main(RemoteTestNG.java:77)
]]>
            </full-stacktrace>
          </exception> <!-- java.lang.NullPointerException -->
          <reporter-output>
          </reporter-output>
        </test-method> <!-- swipe -->
        <test-method is-config="true" signature="closeReport()[pri:0, instance:collabera.SwipeGestureClass@3754a4bf]" started-at="2023-10-24T12:31:29 CST" name="closeReport" finished-at="2023-10-24T12:31:29 CST" duration-ms="43" status="PASS">
          <reporter-output>
          </reporter-output>
        </test-method> <!-- closeReport -->
      </class> <!-- collabera.SwipeGestureClass -->
    </test> <!-- Test -->
  </suite> <!-- Suite -->
</testng-results>
