<?xml version="1.0" encoding="UTF-8"?>
<!-- Generated by org.testng.reporters.JUnitXMLReporter -->
<testsuite ignored="4" hostname="DESKTOP-GO5J5M6" failures="2" tests="3" name="Test" time="25.741" errors="0" timestamp="2023-10-24T12:31:29 CST">
  <testcase classname="collabera.LaunchApplication" name="launchApp" time="10.131"/>
  <testcase classname="collabera.LongPressGesture" name="longPress" time="0.002">
    <failure type="java.lang.NullPointerException" message="Cannot read field &amp;quot;Views&amp;quot; because &amp;quot;this.formPage&amp;quot; is null">
      <![CDATA[java.lang.NullPointerException: Cannot read field "Views" because "this.formPage" is null
at collabera.LongPressGesture.longPress(LongPressGesture.java:11)
at java.base/java.util.ArrayList.forEach(ArrayList.java:1596)
... Removed 25 stack frames]]>
    </failure>
  </testcase> <!-- longPress -->
  <testcase classname="collabera.SwipeGestureClass" name="swipe" time="0.002">
    <failure type="java.lang.NullPointerException" message="Cannot read field &amp;quot;Views&amp;quot; because &amp;quot;this.formPage&amp;quot; is null">
      <![CDATA[java.lang.NullPointerException: Cannot read field "Views" because "this.formPage" is null
at collabera.SwipeGestureClass.swipe(SwipeGestureClass.java:13)
at java.base/java.util.ArrayList.forEach(ArrayList.java:1596)
... Removed 25 stack frames]]>
    </failure>
  </testcase> <!-- swipe -->
  <testcase classname="collabera.BaseClass" name="@AfterTest tearDown" time="0.0">
    <ignored/>
  </testcase> <!-- @AfterTest tearDown -->
  <testcase classname="collabera.BaseClass" name="@BeforeTest startServerwithApp" time="0.0">
    <ignored/>
  </testcase> <!-- @BeforeTest startServerwithApp -->
  <testcase classname="collabera.BaseClass" name="@AfterTest tearDown" time="0.0">
    <ignored/>
  </testcase> <!-- @AfterTest tearDown -->
  <testcase classname="collabera.BaseClass" name="@BeforeTest startServerwithApp" time="0.0">
    <ignored/>
  </testcase> <!-- @BeforeTest startServerwithApp -->
</testsuite> <!-- Test -->
