<?xml version="1.0" encoding="UTF-8"?>
<!-- Generated by org.testng.reporters.JUnitXMLReporter -->
<testsuite ignored="4" hostname="DESKTOP-HIVJLEA" failures="2" tests="3" name="Test" time="38.763" errors="0" timestamp="2023-10-21T22:32:54 IST">
  <testcase classname="collabera.LongPressGesture" name="longPress" time="8.585"/>
  <testcase classname="collabera.SwipeGestureClass" name="swipe" time="0.003">
    <failure type="java.lang.NullPointerException">
      <![CDATA[java.lang.NullPointerException
at collabera.SwipeGestureClass.swipe(SwipeGestureClass.java:13)
at java.base/java.util.ArrayList.forEach(ArrayList.java:1541)
... Removed 27 stack frames]]>
    </failure>
  </testcase> <!-- swipe -->
  <testcase classname="collabera.LaunchApplication" name="launchApp" time="0.002">
    <failure type="java.lang.NullPointerException">
      <![CDATA[java.lang.NullPointerException
at collabera.LaunchApplication.launchApp(LaunchApplication.java:12)
at java.base/java.util.ArrayList.forEach(ArrayList.java:1541)
... Removed 27 stack frames]]>
    </failure>
  </testcase> <!-- launchApp -->
  <testcase classname="collabera.BaseClass" name="@AfterTest tearDown" time="0.0">
    <ignored/>
  </testcase> <!-- @AfterTest tearDown -->
  <testcase classname="collabera.BaseClass" name="@BeforeTest startServerwithApp" time="0.0">
    <ignored/>
  </testcase> <!-- @BeforeTest startServerwithApp -->
  <testcase classname="collabera.BaseClass" name="@BeforeTest startServerwithApp" time="0.0">
    <ignored/>
  </testcase> <!-- @BeforeTest startServerwithApp -->
  <testcase classname="collabera.BaseClass" name="@AfterTest tearDown" time="0.0">
    <ignored/>
  </testcase> <!-- @AfterTest tearDown -->
</testsuite> <!-- Test -->
